[debug] [2025-02-19T22:57:29.206Z] ----------------------------------------------------------------------
[debug] [2025-02-19T22:57:29.208Z] Command:       C:\Program Files\nodejs\node.exe C:\Users\alexg\AppData\Roaming\npm\node_modules\firebase-tools\lib\bin\firebase.js deploy --only hosting
[debug] [2025-02-19T22:57:29.209Z] CLI Version:   12.4.7
[debug] [2025-02-19T22:57:29.209Z] Platform:      win32
[debug] [2025-02-19T22:57:29.210Z] Node Version:  v18.16.0
[debug] [2025-02-19T22:57:29.211Z] Time:          Wed Feb 19 2025 14:57:29 GMT-0800 (Pacific Standard Time)
[debug] [2025-02-19T22:57:29.211Z] ----------------------------------------------------------------------
[debug] 
[debug] [2025-02-19T22:57:29.215Z] >>> [apiv2][query] GET https://firebase-public.firebaseio.com/cli.json [none]
[debug] [2025-02-19T22:57:29.372Z] > command requires scopes: ["email","openid","https://www.googleapis.com/auth/cloudplatformprojects.readonly","https://www.googleapis.com/auth/firebase","https://www.googleapis.com/auth/cloud-platform"]
[debug] [2025-02-19T22:57:29.372Z] > authorizing via signed-in user (agenriech@gmail.com)
[debug] [2025-02-19T22:57:29.373Z] [iam] checking project movieopolis-714f2 for permissions ["firebase.projects.get","firebasehosting.sites.update"]
[debug] [2025-02-19T22:57:29.374Z] > refreshing access token with scopes: []
[debug] [2025-02-19T22:57:29.375Z] >>> [apiv2][query] POST https://www.googleapis.com/oauth2/v3/token [none]
[debug] [2025-02-19T22:57:29.375Z] >>> [apiv2][body] POST https://www.googleapis.com/oauth2/v3/token [omitted]
[debug] [2025-02-19T22:57:29.486Z] <<< [apiv2][status] POST https://www.googleapis.com/oauth2/v3/token 400
[debug] [2025-02-19T22:57:29.486Z] <<< [apiv2][body] POST https://www.googleapis.com/oauth2/v3/token [omitted]
[debug] [2025-02-19T22:57:29.486Z] >>> [apiv2][query] POST https://cloudresourcemanager.googleapis.com/v1/projects/movieopolis-714f2:testIamPermissions [none]
[debug] [2025-02-19T22:57:29.486Z] >>> [apiv2][(partial)header] POST https://cloudresourcemanager.googleapis.com/v1/projects/movieopolis-714f2:testIamPermissions x-goog-quota-user=projects/movieopolis-714f2
[debug] [2025-02-19T22:57:29.487Z] >>> [apiv2][body] POST https://cloudresourcemanager.googleapis.com/v1/projects/movieopolis-714f2:testIamPermissions {"permissions":["firebase.projects.get","firebasehosting.sites.update"]}
[debug] [2025-02-19T22:57:29.512Z] <<< [apiv2][status] GET https://firebase-public.firebaseio.com/cli.json 200
[debug] [2025-02-19T22:57:29.512Z] <<< [apiv2][body] GET https://firebase-public.firebaseio.com/cli.json {"cloudBuildErrorAfter":1594252800000,"cloudBuildWarnAfter":1590019200000,"defaultNode10After":1594252800000,"minVersion":"3.0.5","node8DeploysDisabledAfter":1613390400000,"node8RuntimeDisabledAfter":1615809600000,"node8WarnAfter":1600128000000}
[debug] [2025-02-19T22:57:29.616Z] <<< [apiv2][status] POST https://cloudresourcemanager.googleapis.com/v1/projects/movieopolis-714f2:testIamPermissions 401
[debug] [2025-02-19T22:57:29.616Z] <<< [apiv2][body] POST https://cloudresourcemanager.googleapis.com/v1/projects/movieopolis-714f2:testIamPermissions {"error":{"code":401,"message":"Request had invalid authentication credentials. Expected OAuth 2 access token, login cookie or other valid authentication credential. See https://developers.google.com/identity/sign-in/web/devconsole-project.","status":"UNAUTHENTICATED","details":[{"@type":"type.googleapis.com/google.rpc.ErrorInfo","reason":"ACCESS_TOKEN_TYPE_UNSUPPORTED","metadata":{"service":"cloudresourcemanager.googleapis.com","method":"google.cloudresourcemanager.v1.Projects.TestIamPermissions"}}]}}
[debug] [2025-02-19T22:57:29.618Z] [iam] error while checking permissions, command may fail: FirebaseError: HTTP Error: 401, Request had invalid authentication credentials. Expected OAuth 2 access token, login cookie or other valid authentication credential. See https://developers.google.com/identity/sign-in/web/devconsole-project.
[debug] [2025-02-19T22:57:29.618Z] > refreshing access token with scopes: []
[debug] [2025-02-19T22:57:29.619Z] >>> [apiv2][query] POST https://www.googleapis.com/oauth2/v3/token [none]
[debug] [2025-02-19T22:57:29.619Z] >>> [apiv2][body] POST https://www.googleapis.com/oauth2/v3/token [omitted]
[debug] [2025-02-19T22:57:29.693Z] <<< [apiv2][status] POST https://www.googleapis.com/oauth2/v3/token 400
[debug] [2025-02-19T22:57:29.694Z] <<< [apiv2][body] POST https://www.googleapis.com/oauth2/v3/token [omitted]
[debug] [2025-02-19T22:57:29.694Z] >>> [apiv2][query] GET https://firebase.googleapis.com/v1beta1/projects/movieopolis-714f2 [none]
[debug] [2025-02-19T22:57:29.828Z] <<< [apiv2][status] GET https://firebase.googleapis.com/v1beta1/projects/movieopolis-714f2 401
[debug] [2025-02-19T22:57:29.828Z] <<< [apiv2][body] GET https://firebase.googleapis.com/v1beta1/projects/movieopolis-714f2 {"error":{"code":401,"message":"Request had invalid authentication credentials. Expected OAuth 2 access token, login cookie or other valid authentication credential. See https://developers.google.com/identity/sign-in/web/devconsole-project.","status":"UNAUTHENTICATED"}}
[debug] [2025-02-19T22:57:29.828Z] HTTP Error: 401, Request had invalid authentication credentials. Expected OAuth 2 access token, login cookie or other valid authentication credential. See https://developers.google.com/identity/sign-in/web/devconsole-project.
[debug] [2025-02-19T22:57:29.829Z] FirebaseError: HTTP Error: 401, Request had invalid authentication credentials. Expected OAuth 2 access token, login cookie or other valid authentication credential. See https://developers.google.com/identity/sign-in/web/devconsole-project.
    at responseToError (C:\Users\alexg\AppData\Roaming\npm\node_modules\firebase-tools\lib\responseToError.js:49:12)
    at RetryOperation._fn (C:\Users\alexg\AppData\Roaming\npm\node_modules\firebase-tools\lib\apiv2.js:285:77)
    at process.processTicksAndRejections (node:internal/process/task_queues:95:5)
[error] 
[error] Error: Failed to get Firebase project movieopolis-714f2. Please make sure the project exists and your account has permission to access it.
